<?xml version="1.0" encoding="UTF-8"?>
<testsuite name="Cucumber" time="31.332" tests="8" skipped="0" failures="0" errors="0">
<testcase classname="Create a new checking account" name="Create a new standard individual checking account" time="8.811">
<system-out><![CDATA[
Given User is on dBank main login page "https://dbank-qa.wedevx.co/bank/login".passed
And User enters userName "anton@email.com" and password "Password123".......passed
And creates a new individual checking account with the following data.......passed
Then User should see a green confirmation message saying "Successfully created new Standard Checking account named Antons First Checking".passed
And User should see the new checking account card...........................passed
And User should see the following Transaction menu..........................passed
]]></system-out>
</testcase>
<testcase classname="ability to log in" name="Verify user cannot login with &quot;&lt;invalidUsername&gt;&quot; and &quot;&lt;invalidPassword&gt;&quot; - Example #1.1" time="2.571">
<system-out><![CDATA[
Given url "https://dbank-qa.wedevx.co/bank/login" is opened;................passed
And user entered "notRealName" and "notRealPassword"........................passed
Then verify user is not logged..............................................passed
]]></system-out>
</testcase>
<testcase classname="ability to log in" name="Verify user cannot login with &quot;&lt;invalidUsername&gt;&quot; and &quot;&lt;invalidPassword&gt;&quot; - Example #1.2" time="3.169">
<system-out><![CDATA[
Given url "https://dbank-qa.wedevx.co/bank/login" is opened;................passed
And user entered "invalid pass" and "anton@email.com".......................passed
Then verify user is not logged..............................................passed
]]></system-out>
</testcase>
<testcase classname="ability to log in" name="Verify user cannot login with &quot;&lt;invalidUsername&gt;&quot; and &quot;&lt;invalidPassword&gt;&quot; - Example #1.3" time="2.52">
<system-out><![CDATA[
Given url "https://dbank-qa.wedevx.co/bank/login" is opened;................passed
And user entered "Password123" and "doesNotExistUsername"...................passed
Then verify user is not logged..............................................passed
]]></system-out>
</testcase>
<testcase classname="ability to log in" name="Verify user cannot login with &quot;&lt;invalidUsername&gt;&quot; and &quot;&lt;invalidPassword&gt;&quot; - Example #1.4" time="4.094">
<system-out><![CDATA[
Given url "https://dbank-qa.wedevx.co/bank/login" is opened;................passed
And user entered "NotBlankPassword" and ""..................................passed
Then verify user is not logged..............................................passed
]]></system-out>
</testcase>
<testcase classname="ability to log in" name="Verify user cannot login with &quot;&lt;invalidUsername&gt;&quot; and &quot;&lt;invalidPassword&gt;&quot; - Example #1.5" time="2.533">
<system-out><![CDATA[
Given url "https://dbank-qa.wedevx.co/bank/login" is opened;................passed
And user entered "" and "notBlankPassword"..................................passed
Then verify user is not logged..............................................passed
]]></system-out>
</testcase>
<testcase classname="ability to log in" name="Verify user cannot login with &quot;&lt;invalidUsername&gt;&quot; and &quot;&lt;invalidPassword&gt;&quot; - Example #1.6" time="2.487">
<system-out><![CDATA[
Given url "https://dbank-qa.wedevx.co/bank/login" is opened;................passed
And user entered "" and ""..................................................passed
Then verify user is not logged..............................................passed
]]></system-out>
</testcase>
<testcase classname="ability to log in" name="Verify user can login with valid credentials - Example #1.1" time="4.858">
<system-out><![CDATA[
Given url "https://dbank-qa.wedevx.co/bank/login" is opened;................passed
And user entered valid "anton@email.com" and "Password123"..................passed
Then verify user successfully logged in.....................................passed
]]></system-out>
</testcase>
</testsuite>
